\BOOKMARK [0][]{chapter.1}{\376\377\000I\000n\000t\000r\000o\000d\000u\000c\000c\000i\000\363}{}% 1
\BOOKMARK [1][]{section.1.1}{\376\377\000P\000r\000e\000s\000e\000n\000t\000a\000c\000i\000\363\000\040\000d\000e\000l\000\040\000p\000r\000o\000b\000l\000e\000m\000a}{chapter.1}% 2
\BOOKMARK [1][]{section.1.2}{\376\377\000A\000p\000l\000i\000c\000a\000c\000i\000o\000n\000s}{chapter.1}% 3
\BOOKMARK [2][]{subsection.1.2.1}{\376\377\000P\000e\000r\000f\000o\000r\000a\000c\000i\000\363\000\040\000d\000e\000\040\000p\000l\000a\000q\000u\000e\000s\000\040\000d\000e\000\040\000c\000i\000r\000c\000u\000i\000t\000s\000\040\000i\000m\000p\000r\000e\000s\000o\000s}{section.1.2}% 4
\BOOKMARK [2][]{subsection.1.2.2}{\376\377\000R\000e\000v\000i\000s\000i\000\363\000\040\000d\000e\000\040\000t\000u\000r\000b\000i\000n\000e\000s\000\040\000d\000e\000\040\000g\000a\000s}{section.1.2}% 5
\BOOKMARK [2][]{subsection.1.2.3}{\376\377\000C\000r\000i\000s\000t\000a\000l\000\267\000l\000o\000g\000r\000a\000f\000i\000a\000\040\000d\000e\000\040\000r\000a\000i\000g\000s\000\040\000X}{section.1.2}% 6
\BOOKMARK [2][]{subsection.1.2.4}{\376\377\000A\000p\000l\000i\000c\000a\000c\000i\000o\000n\000s\000\040\000e\000n\000\040\000g\000e\000n\000\362\000m\000i\000c\000a\000\040\000i\000\040\000b\000i\000o\000i\000n\000f\000o\000r\000m\000\340\000t\000i\000c\000a}{section.1.2}% 7
\BOOKMARK [2][]{subsection.1.2.5}{\376\377\000P\000l\000a\000n\000i\000f\000i\000c\000a\000c\000i\000\363\000\040\000d\000'\000o\000b\000s\000e\000r\000v\000a\000c\000i\000o\000n\000s\000\040\000a\000s\000t\000r\000o\000n\000\362\000m\000i\000q\000u\000e\000s}{section.1.2}% 8
\BOOKMARK [1][]{section.1.3}{\376\377\000M\000o\000t\000i\000v\000a\000c\000i\000\363}{chapter.1}% 9
\BOOKMARK [1][]{section.1.4}{\376\377\000R\000e\000s\000u\000l\000t\000a\000t\000s}{chapter.1}% 10
\BOOKMARK [0][]{chapter.2}{\376\377\000E\000s\000t\000a\000t\000\040\000d\000e\000\040\000l\000'\000a\000r\000t}{}% 11
\BOOKMARK [1][]{section.2.1}{\376\377\000I\000n\000v\000e\000s\000t\000i\000g\000a\000c\000i\000\363\000\040\000i\000\040\000a\000n\000\340\000l\000i\000s\000i\000\040\000d\000e\000\040\000l\000e\000s\000\040\000d\000i\000f\000e\000r\000e\000n\000t\000s\000\040\000h\000e\000u\000r\000\355\000s\000t\000i\000q\000u\000e\000s\000\040\000e\000x\000i\000s\000t\000e\000n\000t\000s}{chapter.2}% 12
\BOOKMARK [2][]{subsection.2.1.1}{\376\377\000A\000l\000g\000o\000r\000i\000s\000m\000e\000s\000\040\000h\000e\000u\000r\000\355\000s\000t\000i\000c\000s\000\040\000d\000e\000\040\000c\000o\000n\000s\000t\000r\000u\000c\000c\000i\000\363\000\040\000d\000e\000\040\000c\000i\000r\000c\000u\000i\000t\000s}{section.2.1}% 13
\BOOKMARK [2][]{subsection.2.1.2}{\376\377\000A\000l\000g\000o\000r\000i\000s\000m\000e\000s\000\040\000h\000e\000u\000r\000\355\000s\000t\000i\000c\000s\000\040\000d\000e\000\040\000m\000i\000l\000l\000o\000r\000a\000\040\000d\000e\000\040\000c\000i\000r\000c\000u\000i\000t\000s}{section.2.1}% 14
\BOOKMARK [1][]{section.2.2}{\376\377\000I\000m\000p\000l\000e\000m\000e\000n\000t\000a\000c\000i\000\363\000\040\000d\000'\000h\000e\000u\000r\000\355\000s\000t\000i\000c\000s\000\040\000c\000l\000\340\000s\000s\000i\000c\000s}{chapter.2}% 15
\BOOKMARK [0][]{chapter.3}{\376\377\000P\000r\000e\000l\000i\000m\000i\000n\000a\000r\000s}{}% 16
\BOOKMARK [1][]{section.3.1}{\376\377\000F\000o\000r\000m\000u\000l\000a\000c\000i\000\363\000\040\000m\000a\000t\000e\000m\000\340\000t\000i\000c\000a\000\040\000d\000e\000l\000\040\000T\000S\000P}{chapter.3}% 17
\BOOKMARK [2][]{subsection.3.1.1}{\376\377\000F\000o\000r\000m\000u\000l\000a\000c\000i\000\363\000\040\000d\000e\000l\000\040\000s\000T\000S\000P}{section.3.1}% 18
\BOOKMARK [2][]{subsection.3.1.2}{\376\377\000F\000o\000r\000m\000u\000l\000a\000c\000i\000\363\000\040\000d\000e\000l\000\040\000a\000T\000S\000P}{section.3.1}% 19
\BOOKMARK [0][]{chapter.4}{\376\377\000P\000l\000a\000n\000i\000f\000i\000c\000a\000c\000i\000\363\000\040\000i\000\040\000M\000e\000t\000o\000d\000o\000l\000o\000g\000i\000a}{}% 20
\BOOKMARK [0][]{chapter.5}{\376\377\000C\000o\000n\000t\000r\000i\000b\000u\000c\000i\000\363\000\040\000M\000e\000t\000o\000d\000o\000l\000\362\000g\000i\000c\000a}{}% 21
\BOOKMARK [0][]{chapter.6}{\376\377\000R\000e\000s\000u\000l\000t\000a\000t\000s}{}% 22
\BOOKMARK [0][]{chapter.7}{\376\377\000C\000o\000n\000c\000l\000u\000s\000i\000o\000n\000s\000\040\000i\000\040\000t\000r\000e\000b\000a\000l\000l\000\040\000f\000u\000t\000u\000r}{}% 23
\BOOKMARK [0][]{chapter*.6}{\376\377\000B\000i\000b\000l\000i\000o\000g\000r\000a\000f\000i\000a}{}% 24
